2025-04-08 00:48:06.054828 - Received CBT.V508.FILE040.PDS from FILE040.XMI 
2025-04-08 00:48:06.058357 - Found $$$#DATE.txt (text/plain) in CBT.V508.FILE040.PDS, moved to PDS/$$$#DATE
2025-04-08 00:48:06.059854 - Found $$DOC.txt (text/plain) in CBT.V508.FILE040.PDS, moved to PDS/$$DOC
2025-04-08 00:48:06.061480 - Found @FILE040.txt (text/plain) in CBT.V508.FILE040.PDS, moved to PDS/@FILE040
2025-04-08 00:48:06.063119 - Found DBACONSL.txt (text/plain) in CBT.V508.FILE040.PDS, moved to PDS/DBACONSL
2025-04-08 00:48:06.064728 - Found DBAIOB.txt (text/plain) in CBT.V508.FILE040.PDS, moved to PDS/DBAIOB
2025-04-08 00:48:06.066262 - Found LKEDIN.txt (text/plain) in CBT.V508.FILE040.PDS, moved to PDS/LKEDIN
2025-04-08 00:48:06.068255 - Found MOREDOC.txt (text/plain) in CBT.V508.FILE040.PDS, moved to PDS/MOREDOC
2025-04-08 00:48:06.069978 - Found PDSCLEAN.txt (text/plain) in CBT.V508.FILE040.PDS, moved to PDS/PDSCLEAN
2025-04-08 00:48:06.072214 - Found PDSPDS.txt (text/plain) in CBT.V508.FILE040.PDS, moved to PDS/PDSPDS
2025-04-08 00:48:06.073739 - Found PROCGEN.txt (text/plain) in CBT.V508.FILE040.PDS, moved to PDS/PROCGEN
2025-04-08 00:48:06.078631 - Found PROCPDS.txt (text/plain) in CBT.V508.FILE040.PDS, moved to PDS/PROCPDS
2025-04-08 00:48:06.080765 - Found RDOC72.txt (text/plain) in CBT.V508.FILE040.PDS, moved to PDS/RDOC72
2025-04-08 00:48:06.082936 - Found RDOC72UM.txt (text/plain) in CBT.V508.FILE040.PDS, moved to PDS/RDOC72UM
2025-04-08 00:48:06.084619 - Found REGS.txt (text/plain) in CBT.V508.FILE040.PDS, moved to PDS/REGS
2025-04-08 00:48:06.086148 - Found SPGEN.txt (text/plain) in CBT.V508.FILE040.PDS, moved to PDS/SPGEN
2025-04-08 00:48:06.088211 - Found SUPERGEN.txt (text/plain) in CBT.V508.FILE040.PDS, moved to PDS/SUPERGEN
2025-04-08 00:48:06.089726 - Found VDBS$DDF.txt (text/plain) in CBT.V508.FILE040.PDS, moved to PDS/VDBS$DDF
2025-04-08 00:48:06.091538 - Found VDBS$HEX.txt (text/plain) in CBT.V508.FILE040.PDS, moved to PDS/VDBS$HEX
2025-04-08 00:48:06.092911 - Found XPDS.txt (text/plain) in CBT.V508.FILE040.PDS, moved to PDS/XPDS
